SF:lib\core\failure\failure.dart
DA:5,0
LF:1
LH:0
end_of_record
SF:lib\features\auth\domain\entity\auth_entity.dart
DA:14,1
DA:25,0
DA:27,0
LF:3
LH:1
end_of_record
SF:lib\features\auth\domain\usecases\auth_usecase.dart
DA:12,0
DA:13,0
DA:14,0
DA:15,0
DA:23,0
DA:25,0
DA:26,0
DA:29,0
DA:31,0
DA:33,0
DA:34,0
DA:37,0
DA:38,0
DA:41,0
DA:42,0
DA:43,0
DA:44,0
DA:45,0
DA:48,0
LF:19
LH:0
end_of_record
SF:lib\features\auth\presentation\navigator\register_navigator.dart
DA:8,0
DA:9,0
LF:2
LH:0
end_of_record
SF:lib\features\auth\presentation\navigator\login_navigator.dart
DA:7,0
DA:12,0
DA:13,0
LF:3
LH:0
end_of_record
SF:lib\features\home\presentation\navigator\home_navigator.dart
DA:7,0
DA:8,0
DA:14,0
DA:15,0
LF:4
LH:0
end_of_record
SF:lib\features\auth\presentation\viewmodel\auth_view_model.dart
DA:10,3
DA:11,0
DA:12,0
DA:13,0
DA:18,3
DA:23,1
DA:24,3
DA:25,2
DA:41,1
DA:45,3
DA:46,2
DA:47,1
DA:48,0
DA:49,0
DA:50,0
DA:52,1
DA:53,3
DA:54,1
DA:59,0
DA:60,0
DA:63,1
DA:64,2
DA:66,0
DA:67,0
DA:71,0
DA:80,0
DA:85,0
DA:86,0
DA:87,0
DA:88,0
DA:90,0
DA:91,0
DA:92,0
DA:97,0
DA:101,1
DA:102,2
LF:36
LH:16
end_of_record
SF:lib\core\shared_prefs\user_shared_prefs.dart
DA:78,4
DA:79,1
DA:86,0
DA:88,0
DA:89,0
DA:92,0
DA:97,0
DA:99,0
DA:100,0
DA:102,0
DA:104,0
DA:107,0
DA:109,0
DA:110,0
DA:113,0
DA:118,0
DA:120,0
DA:121,0
DA:124,0
DA:129,0
DA:131,0
DA:132,0
DA:135,0
DA:137,0
DA:140,0
LF:25
LH:2
end_of_record
SF:lib\features\auth\domain\repository\auth_repository.dart
DA:8,0
DA:9,0
LF:2
LH:0
end_of_record
SF:lib\app\navigator_key\navigator_key.dart
DA:4,0
DA:6,0
LF:2
LH:0
end_of_record
SF:lib\core\common\widgets\my_snackbar.dart
DA:4,0
DA:8,0
DA:10,0
DA:11,0
DA:12,0
DA:13,0
LF:6
LH:0
end_of_record
SF:lib\features\single_product\presentation\state\single_product_state.dart
DA:9,1
DA:16,2
DA:23,1
DA:29,1
DA:30,1
DA:31,1
DA:32,1
DA:33,1
LF:8
LH:8
end_of_record
SF:lib\features\home\domain\entity\product_entity.dart
DA:11,3
DA:20,0
DA:21,0
LF:3
LH:1
end_of_record
SF:lib\features\single_product\presentation\view_model\single_product_view_model.dart
DA:8,2
DA:9,1
DA:10,0
DA:11,0
DA:12,0
DA:16,1
DA:19,2
DA:24,1
DA:25,3
DA:26,2
DA:27,1
DA:28,0
DA:29,0
DA:30,1
DA:31,3
DA:39,1
DA:40,2
DA:41,0
DA:42,0
DA:45,1
DA:46,0
DA:49,3
LF:22
LH:14
end_of_record
SF:lib\features\home\domain\usecases\product_usecase.dart
DA:9,0
DA:10,0
DA:11,0
DA:17,0
DA:19,0
DA:20,0
DA:23,0
DA:24,0
LF:8
LH:0
end_of_record
SF:lib\app\navigator\navigator.dart
DA:6,0
DA:9,0
DA:10,0
DA:11,0
DA:12,0
DA:17,0
DA:18,0
DA:19,0
DA:20,0
DA:25,0
DA:26,0
DA:27,0
LF:12
LH:0
end_of_record
SF:lib\core\common\my_snackbar.dart
DA:5,0
DA:9,0
DA:11,0
DA:12,0
DA:13,0
DA:14,0
LF:6
LH:0
end_of_record
SF:lib\core\common\provider\theme_view_model_provider.dart
DA:3,0
DA:4,0
DA:7,0
DA:9,0
DA:10,0
LF:5
LH:0
end_of_record
SF:lib\core\common\widgets\my_search_container.dart
DA:4,0
DA:18,0
DA:20,0
DA:22,0
DA:25,0
DA:26,0
DA:27,0
DA:28,0
DA:32,0
DA:33,0
DA:34,0
DA:35,0
DA:39,0
DA:40,0
LF:14
LH:0
end_of_record
SF:lib\features\auth\data\data_source\remote\auth_remote_data_source.dart
DA:11,0
DA:12,0
DA:13,0
DA:14,0
DA:15,0
DA:24,0
DA:30,0
DA:32,0
DA:34,0
DA:36,0
DA:39,0
DA:40,0
DA:41,0
DA:42,0
DA:45,0
DA:50,0
DA:53,0
DA:55,0
DA:60,0
DA:61,0
DA:62,0
DA:66,0
DA:67,0
DA:68,0
DA:69,0
DA:71,0
DA:72,0
DA:75,0
DA:78,0
DA:79,0
DA:80,0
DA:81,0
DA:83,0
DA:85,0
DA:86,0
DA:90,0
DA:91,0
DA:93,0
DA:94,0
DA:95,0
DA:96,0
DA:98,0
DA:99,0
DA:105,0
DA:107,0
DA:109,0
DA:111,0
DA:112,0
DA:113,0
DA:116,0
DA:117,0
DA:118,0
DA:119,0
DA:121,0
DA:122,0
DA:126,0
DA:129,0
DA:130,0
DA:131,0
DA:132,0
DA:134,0
DA:136,0
DA:137,0
DA:140,0
DA:143,0
DA:144,0
DA:145,0
DA:146,0
DA:148,0
DA:149,0
LF:70
LH:0
end_of_record
SF:lib\app\constants\api_endpoint.dart
DA:2,0
LF:1
LH:0
end_of_record
SF:lib\core\networking\remote\http_service.dart
DA:9,0
DA:10,0
DA:16,0
DA:18,0
DA:19,0
DA:20,0
DA:21,0
DA:22,0
DA:23,0
DA:24,0
DA:26,0
LF:11
LH:0
end_of_record
SF:lib\features\auth\data\model\auth_api_model.dart
DA:8,0
DA:23,0
DA:32,4
DA:40,0
DA:41,0
DA:42,0
DA:43,0
DA:44,0
DA:46,0
DA:47,0
DA:48,0
DA:52,0
DA:53,0
DA:54,0
DA:55,0
DA:57,0
DA:58,0
DA:59,0
DA:63,0
DA:64,0
DA:66,0
DA:68,0
DA:69,0
LF:23
LH:1
end_of_record
SF:lib\features\auth\data\model\auth_api_model.g.dart
DA:9,0
DA:10,0
DA:11,0
DA:12,0
DA:13,0
DA:14,0
DA:15,0
DA:18,0
DA:19,0
DA:20,0
DA:21,0
DA:22,0
DA:23,0
DA:24,0
DA:25,0
LF:15
LH:0
end_of_record
SF:lib\features\auth\data\repository\auth_remote_repository.dart
DA:8,0
DA:9,0
DA:10,0
DA:16,0
DA:18,0
DA:20,0
DA:24,0
DA:26,0
DA:29,0
DA:31,0
DA:34,0
DA:36,0
DA:39,0
DA:41,0
LF:14
LH:0
end_of_record
SF:lib\features\auth\presentation\view\login_view.dart
DA:11,9
DA:13,1
DA:14,1
DA:22,1
DA:24,1
DA:26,1
DA:27,1
DA:28,1
DA:29,1
DA:30,1
DA:31,1
DA:32,4
DA:33,1
DA:34,1
DA:36,1
DA:45,1
DA:47,1
DA:48,1
DA:49,1
DA:50,1
DA:51,1
DA:53,1
DA:54,1
DA:56,1
DA:59,1
DA:64,1
DA:65,1
DA:69,0
DA:70,0
DA:73,0
DA:80,1
DA:81,1
DA:85,0
DA:86,0
DA:89,0
DA:95,1
DA:97,1
DA:98,1
DA:99,1
DA:101,1
DA:102,1
DA:117,1
DA:118,1
DA:120,1
DA:123,1
DA:124,1
DA:127,0
DA:128,0
DA:129,0
DA:130,0
DA:131,0
DA:137,1
DA:140,0
DA:141,0
DA:142,0
DA:143,0
DA:147,1
DA:148,0
DA:149,0
DA:151,0
DA:152,0
DA:155,1
LF:62
LH:43
end_of_record
SF:lib\features\auth\presentation\view\register_view.dart
DA:10,9
DA:12,1
DA:13,1
DA:25,1
DA:27,2
DA:28,2
DA:29,2
DA:30,2
DA:31,2
DA:32,2
DA:33,1
DA:36,1
DA:38,1
DA:40,1
DA:41,1
DA:42,1
DA:43,1
DA:44,1
DA:45,1
DA:46,4
DA:47,1
DA:48,1
DA:50,1
DA:59,1
DA:61,1
DA:62,1
DA:63,1
DA:66,1
DA:67,1
DA:69,1
DA:72,1
DA:77,1
DA:78,1
DA:81,0
DA:82,0
DA:89,1
DA:90,1
DA:93,0
DA:94,0
DA:101,1
DA:102,1
DA:106,0
DA:107,0
DA:110,0
DA:117,1
DA:118,1
DA:122,0
DA:123,0
DA:126,0
DA:133,1
DA:134,1
DA:137,0
DA:138,0
DA:141,0
DA:148,1
DA:149,1
DA:152,0
DA:153,0
DA:156,0
DA:163,1
DA:164,1
DA:166,1
DA:169,1
DA:170,1
DA:173,0
DA:174,0
DA:176,0
DA:177,0
DA:178,0
DA:179,0
DA:180,0
DA:181,0
DA:183,0
DA:184,0
DA:185,0
DA:191,1
DA:193,1
DA:194,1
DA:200,1
DA:203,1
DA:204,0
DA:209,1
DA:213,0
DA:218,1
DA:222,0
DA:227,1
DA:228,0
DA:229,0
DA:231,0
DA:232,0
DA:235,1
DA:265,1
DA:272,1
DA:274,1
DA:276,1
DA:277,1
DA:278,1
DA:286,1
DA:292,1
DA:294,1
DA:296,1
DA:297,1
DA:298,1
DA:306,1
DA:307,1
DA:308,1
DA:312,1
DA:313,1
DA:316,1
DA:321,1
LF:110
LH:76
end_of_record
SF:lib\features\auth\presentation\state\auth_state.dart
DA:6,1
DA:12,1
DA:13,1
DA:20,1
DA:25,1
DA:26,0
DA:27,1
DA:28,1
DA:32,0
DA:33,0
LF:10
LH:7
end_of_record
SF:lib\features\auth\presentation\widgets\ui_helper.dart
DA:3,1
DA:11,1
DA:13,1
DA:15,2
DA:16,1
DA:17,1
DA:26,0
DA:34,0
DA:36,0
DA:38,0
DA:39,0
DA:40,0
DA:49,0
DA:55,0
DA:56,0
DA:59,0
DA:61,0
DA:62,0
DA:63,0
DA:67,0
DA:69,0
DA:70,0
DA:76,0
DA:78,0
DA:85,0
DA:90,0
DA:91,0
DA:96,0
DA:97,0
DA:101,0
LF:30
LH:6
end_of_record
SF:lib\features\auth\presentation\widgets\zizzag.dart
DA:4,2
DA:6,2
DA:7,2
DA:8,2
DA:10,2
DA:11,6
DA:12,2
DA:13,4
DA:14,4
DA:15,4
DA:16,4
DA:18,2
DA:19,4
DA:20,4
DA:21,2
DA:22,4
DA:24,4
DA:25,2
DA:27,2
DA:30,0
LF:20
LH:19
end_of_record
SF:lib\features\forget_password\presentation\view\forget_password_view.dart
DA:9,4
DA:11,1
DA:12,1
DA:16,1
DA:18,1
DA:19,1
DA:21,1
DA:22,1
DA:23,0
DA:24,0
DA:30,1
DA:31,1
DA:33,1
DA:35,1
DA:37,1
DA:39,3
DA:42,1
DA:44,3
DA:49,1
DA:58,1
DA:60,1
DA:61,0
LF:22
LH:19
end_of_record
SF:lib\features\cart\data\data_source\remote\cart_remote_data_source.dart
DA:15,0
DA:16,0
DA:17,0
DA:18,0
DA:19,0
DA:31,0
DA:38,0
DA:41,0
DA:42,0
DA:43,0
DA:44,0
DA:47,0
DA:48,0
DA:50,0
DA:51,0
DA:56,0
DA:57,0
DA:59,0
DA:60,0
DA:62,0
DA:64,0
DA:65,0
DA:66,0
DA:67,0
DA:71,0
DA:72,0
DA:73,0
DA:74,0
DA:80,0
DA:87,0
DA:88,0
DA:89,0
DA:90,0
DA:93,0
DA:96,0
DA:103,0
DA:105,0
DA:108,0
DA:109,0
DA:113,0
DA:114,0
DA:116,0
DA:119,0
DA:120,0
DA:121,0
DA:122,0
DA:126,0
DA:127,0
DA:128,0
DA:129,0
DA:136,0
DA:142,0
DA:143,0
DA:144,0
DA:145,0
DA:148,0
DA:149,0
DA:151,0
DA:156,0
DA:157,0
DA:161,0
DA:162,0
DA:164,0
DA:167,0
DA:168,0
DA:169,0
DA:170,0
DA:174,0
DA:175,0
DA:176,0
DA:177,0
DA:184,0
DA:189,0
DA:190,0
DA:191,0
DA:192,0
DA:195,0
DA:196,0
DA:197,0
DA:198,0
DA:199,0
DA:203,0
DA:204,0
DA:206,0
DA:209,0
DA:210,0
DA:211,0
DA:212,0
DA:216,0
DA:217,0
DA:218,0
DA:219,0
LF:92
LH:0
end_of_record
SF:lib\features\cart\data\dto\cart_dto.dart
DA:35,0
DA:41,0
DA:43,0
LF:3
LH:0
end_of_record
SF:lib\features\cart\data\dto\cart_dto.g.dart
DA:9,0
DA:10,0
DA:11,0
DA:12,0
DA:13,0
DA:14,0
DA:17,0
DA:18,0
DA:19,0
DA:20,0
LF:10
LH:0
end_of_record
SF:lib\features\cart\data\model\cart_api_model.dart
DA:12,0
DA:13,0
DA:26,0
DA:35,4
DA:43,0
DA:44,0
DA:46,0
DA:49,0
DA:50,0
DA:51,0
DA:52,0
DA:53,0
DA:54,0
DA:55,0
DA:56,0
DA:61,0
DA:62,0
DA:63,0
DA:64,0
DA:65,0
DA:66,0
DA:67,0
DA:68,0
DA:72,0
DA:73,0
DA:76,0
DA:77,0
DA:80,0
DA:81,0
DA:82,0
DA:83,0
DA:84,0
DA:85,0
DA:86,0
DA:87,0
LF:35
LH:1
end_of_record
SF:lib\features\cart\data\model\cart_api_model.g.dart
DA:9,0
DA:10,0
DA:11,0
DA:12,0
DA:14,0
DA:15,0
DA:16,0
DA:17,0
DA:20,0
DA:21,0
DA:22,0
DA:23,0
DA:24,0
DA:25,0
DA:26,0
DA:27,0
LF:16
LH:0
end_of_record
SF:lib\features\cart\domain\entity\cart_entity.dart
DA:13,1
DA:22,0
DA:23,0
DA:24,0
DA:25,0
DA:26,0
DA:27,0
DA:28,0
LF:8
LH:1
end_of_record
SF:lib\features\home\data\model\product_model.dart
DA:9,0
DA:10,0
DA:22,0
DA:31,6
DA:39,0
DA:40,0
DA:42,0
DA:45,0
DA:46,0
DA:47,0
DA:48,0
DA:49,0
DA:50,0
DA:51,0
DA:52,0
DA:57,0
DA:58,0
DA:59,0
DA:60,0
DA:61,0
DA:62,0
DA:63,0
DA:64,0
DA:69,0
DA:70,0
DA:73,0
DA:75,0
DA:76,0
DA:79,0
DA:80,0
DA:81,0
DA:82,0
DA:83,0
DA:84,0
DA:85,0
DA:86,0
LF:36
LH:1
end_of_record
SF:lib\features\home\data\model\product_model.g.dart
DA:9,0
DA:10,0
DA:11,0
DA:12,0
DA:13,0
DA:14,0
DA:15,0
DA:16,0
DA:19,0
DA:20,0
DA:21,0
DA:22,0
DA:23,0
DA:24,0
DA:25,0
DA:26,0
LF:16
LH:0
end_of_record
SF:lib\features\cart\data\repository\cart_remote_repository.dart
DA:9,0
DA:10,0
DA:11,0
DA:17,0
DA:19,0
DA:21,0
DA:24,0
DA:26,0
DA:30,0
DA:32,0
DA:36,0
DA:38,0
LF:12
LH:0
end_of_record
SF:lib\features\cart\domain\repository\cart_repository.dart
DA:9,0
DA:10,0
LF:2
LH:0
end_of_record
SF:lib\features\cart\domain\usecases\cart_usecase.dart
DA:8,0
DA:9,0
DA:10,0
DA:16,0
DA:18,0
DA:19,0
DA:22,0
DA:23,0
DA:26,0
DA:28,0
DA:31,0
DA:32,0
LF:12
LH:0
end_of_record
SF:lib\features\cart\presentation\navigator\cart_navigator.dart
DA:8,0
DA:9,0
DA:14,0
DA:15,0
LF:4
LH:0
end_of_record
SF:lib\features\payment\navigator\kpay_navigator.dart
DA:6,0
DA:7,0
DA:13,0
DA:14,0
LF:4
LH:0
end_of_record
SF:lib\features\cart\presentation\view\cart_view.dart
DA:433,8
DA:435,0
DA:436,0
DA:442,0
DA:444,0
DA:445,0
DA:446,0
DA:450,0
DA:452,0
DA:453,0
DA:456,0
DA:458,0
DA:460,0
DA:461,0
DA:471,0
DA:473,0
DA:480,0
DA:481,0
DA:482,0
DA:483,0
DA:484,0
DA:485,0
DA:486,0
DA:487,0
DA:488,0
DA:490,0
DA:494,0
DA:495,0
DA:497,0
DA:498,0
DA:499,0
DA:502,0
DA:505,0
DA:510,0
DA:511,0
DA:513,0
DA:514,0
DA:515,0
DA:523,0
DA:524,0
DA:533,0
DA:534,0
DA:543,0
DA:545,0
DA:546,0
DA:547,0
DA:548,0
DA:558,0
DA:564,0
DA:565,0
DA:567,0
DA:570,0
DA:572,0
DA:574,0
DA:575,0
DA:576,0
DA:583,0
DA:584,0
DA:585,0
DA:586,0
DA:588,0
DA:590,0
DA:591,0
DA:595,0
DA:597,0
DA:606,0
DA:607,0
LF:67
LH:1
end_of_record
SF:lib\features\cart\presentation\state\cart_state.dart
DA:10,1
DA:17,1
DA:18,1
DA:19,1
DA:26,1
DA:32,1
DA:33,1
DA:34,0
DA:35,1
DA:36,1
LF:10
LH:9
end_of_record
SF:lib\features\cart\presentation\view_model\cart_view_model.dart
DA:15,2
DA:16,1
DA:18,0
DA:19,0
DA:23,1
DA:28,2
DA:37,1
DA:38,3
DA:39,2
DA:40,2
DA:42,1
DA:43,0
DA:44,0
DA:45,1
DA:46,3
DA:52,0
DA:53,0
DA:54,0
DA:56,0
DA:57,0
DA:58,0
DA:59,0
DA:60,0
DA:64,0
DA:66,0
DA:70,0
DA:71,0
DA:72,0
DA:73,0
DA:74,0
DA:75,0
DA:76,0
DA:77,0
DA:81,0
DA:83,0
DA:87,0
DA:88,0
DA:89,0
DA:90,0
DA:91,0
DA:92,0
DA:93,0
DA:94,0
DA:98,0
DA:100,0
DA:102,1
DA:103,2
LF:47
LH:13
end_of_record
SF:lib\features\home\presentation\view\home_view.dart
DA:20,4
DA:22,0
DA:23,0
DA:42,0
DA:44,0
DA:45,0
DA:46,0
DA:48,0
DA:52,0
DA:55,0
DA:57,0
DA:58,0
DA:59,0
DA:60,0
DA:61,0
DA:65,0
DA:66,0
DA:68,0
DA:69,0
DA:71,0
DA:73,0
DA:82,0
DA:83,0
DA:84,0
DA:88,0
DA:89,0
DA:90,0
DA:91,0
DA:96,0
DA:98,0
DA:100,0
DA:101,0
DA:102,0
DA:103,0
DA:105,0
DA:108,0
DA:109,0
DA:111,0
DA:115,0
DA:116,0
DA:118,0
DA:119,0
DA:124,0
DA:125,0
DA:126,0
DA:128,0
DA:147,0
DA:148,0
LF:48
LH:1
end_of_record
SF:lib\features\home\presentation\view\bottom_view\dashboard_view.dart
DA:184,4
DA:186,0
DA:187,0
DA:195,0
DA:197,0
DA:198,0
DA:199,0
DA:202,0
DA:204,0
DA:205,0
DA:208,0
DA:209,0
DA:210,0
DA:211,0
DA:212,0
DA:214,0
DA:215,0
DA:217,0
DA:218,0
DA:219,0
DA:220,0
DA:221,0
DA:226,0
DA:227,0
DA:228,0
DA:229,0
DA:230,0
DA:234,0
DA:235,0
DA:236,0
DA:238,0
DA:240,0
DA:241,0
DA:242,0
DA:243,0
DA:245,0
DA:247,0
DA:249,0
DA:250,0
DA:251,0
DA:264,0
DA:289,0
DA:290,0
DA:291,0
DA:292,0
DA:293,0
DA:294,0
DA:297,0
DA:300,0
DA:302,0
DA:307,0
DA:308,0
DA:309,0
DA:315,0
DA:319,0
DA:320,0
DA:321,0
DA:322,0
DA:323,0
DA:328,0
DA:335,0
DA:339,0
DA:340,0
DA:344,0
DA:353,0
DA:354,0
DA:355,0
DA:356,0
DA:358,0
DA:359,0
LF:70
LH:1
end_of_record
SF:lib\features\home\presentation\widgets\my_product_cart.dart
DA:133,0
DA:135,0
DA:137,0
DA:138,0
DA:139,0
DA:140,0
DA:143,0
DA:144,0
DA:146,0
DA:147,0
DA:148,0
DA:150,0
DA:151,0
DA:166,0
DA:167,0
DA:168,0
DA:169,0
DA:173,0
DA:175,0
DA:176,0
DA:177,0
DA:178,0
DA:179,0
DA:184,0
DA:194,0
DA:196,0
DA:198,0
DA:199,0
DA:200,0
DA:201,0
DA:210,0
DA:211,0
DA:221,0
DA:223,0
DA:224,0
DA:230,0
DA:232,0
DA:234,0
DA:235,0
DA:238,0
DA:240,0
DA:241,0
DA:242,0
DA:245,0
DA:247,0
DA:250,0
LF:46
LH:0
end_of_record
SF:lib\features\home\presentation\viewmodel\products_view_model.dart
DA:5,2
DA:6,1
DA:7,0
DA:8,0
DA:12,1
DA:13,2
DA:14,1
DA:19,1
DA:20,2
DA:21,1
DA:24,1
DA:25,3
DA:26,1
DA:27,1
DA:28,1
DA:29,1
DA:32,2
DA:33,1
DA:34,0
DA:35,0
DA:36,1
DA:37,1
DA:38,3
DA:40,3
DA:41,2
DA:42,1
LF:26
LH:22
end_of_record
SF:lib\features\home\presentation\view\bottom_view\wishlist_view.dart
DA:4,4
DA:6,0
DA:8,0
DA:9,0
DA:12,0
DA:14,0
DA:15,0
DA:17,0
DA:19,0
DA:21,0
LF:10
LH:1
end_of_record
SF:lib\features\home\presentation\viewmodel\home_view_model.dart
DA:6,0
DA:7,0
DA:11,0
DA:14,0
DA:15,0
DA:16,0
DA:17,0
DA:20,0
DA:21,0
LF:9
LH:0
end_of_record
SF:lib\features\home\presentation\viewmodel\theme_provider.dart
DA:4,0
DA:6,0
DA:7,0
DA:11,0
LF:4
LH:0
end_of_record
SF:lib\features\profile\presentation\view\profile_view.dart
DA:189,4
DA:191,0
DA:192,0
DA:201,0
DA:203,0
DA:204,0
DA:205,0
DA:206,0
DA:209,0
DA:212,0
DA:214,0
DA:215,0
DA:216,0
DA:217,0
DA:218,0
DA:222,0
DA:223,0
DA:225,0
DA:226,0
DA:228,0
DA:230,0
DA:239,0
DA:241,0
DA:243,0
DA:247,0
DA:248,0
DA:252,0
DA:254,0
DA:256,0
DA:258,0
DA:260,0
DA:261,0
DA:262,0
DA:263,0
DA:265,0
DA:266,0
DA:267,0
DA:269,0
DA:272,0
DA:274,0
DA:275,0
DA:276,0
DA:283,0
DA:284,0
DA:299,0
DA:302,0
DA:303,0
DA:307,0
DA:310,0
DA:311,0
DA:315,0
DA:318,0
DA:319,0
DA:324,0
DA:325,0
DA:327,0
DA:328,0
DA:333,0
DA:335,0
DA:336,0
DA:337,0
DA:338,0
DA:340,0
DA:342,0
DA:350,0
DA:351,0
DA:352,0
DA:353,0
LF:68
LH:1
end_of_record
SF:lib\features\single_product\presentation\widgets\my_single_product_view.dart
DA:475,0
DA:482,0
DA:484,0
DA:486,0
DA:487,0
DA:488,0
DA:489,0
DA:491,0
DA:493,0
DA:494,0
DA:495,0
DA:496,0
DA:501,0
DA:502,0
DA:503,0
DA:505,0
DA:507,0
DA:509,0
DA:510,0
DA:511,0
DA:513,0
DA:514,0
DA:515,0
DA:516,0
DA:521,0
DA:522,0
DA:523,0
DA:532,0
DA:533,0
DA:542,0
DA:543,0
DA:552,0
DA:554,0
DA:555,0
DA:556,0
DA:557,0
DA:558,0
DA:559,0
DA:564,0
DA:565,0
DA:566,0
DA:568,0
DA:570,0
DA:571,0
DA:575,0
DA:577,0
DA:578,0
DA:586,0
DA:588,0
DA:590,0
DA:591,0
DA:598,0
DA:599,0
DA:600,0
DA:602,0
DA:603,0
DA:606,0
DA:607,0
DA:627,0
DA:629,0
DA:630,0
DA:631,0
DA:632,0
LF:63
LH:0
end_of_record
SF:lib\features\payment\kpay_view.dart
DA:7,4
DA:9,0
DA:11,0
DA:19,0
DA:23,0
DA:25,0
DA:31,0
DA:33,0
DA:41,0
DA:43,0
DA:45,0
DA:47,0
DA:55,0
DA:57,0
DA:59,0
DA:81,0
DA:83,0
DA:85,0
DA:97,0
DA:103,0
DA:105,0
DA:107,0
DA:113,0
DA:115,0
DA:117,0
DA:119,0
DA:121,0
DA:125,0
DA:127,0
DA:131,0
DA:133,0
DA:135,0
DA:139,0
DA:153,0
DA:155,0
DA:157,0
DA:163,0
DA:165,0
LF:38
LH:1
end_of_record
SF:lib\features\profile\presentation\state\profile_state.dart
DA:9,0
DA:15,0
DA:16,0
DA:23,0
DA:28,0
DA:29,0
DA:30,0
DA:31,0
DA:33,0
LF:9
LH:0
end_of_record
SF:lib\features\profile\presentation\view_model\profile_view_model.dart
DA:17,0
DA:18,0
DA:19,0
DA:20,0
DA:22,0
DA:31,0
DA:35,0
DA:36,0
DA:39,0
DA:40,0
DA:41,0
DA:42,0
DA:43,0
DA:46,0
DA:48,0
DA:49,0
DA:50,0
DA:51,0
DA:52,0
DA:53,0
DA:55,0
DA:56,0
DA:57,0
DA:61,0
DA:63,0
DA:67,0
DA:68,0
DA:69,0
DA:70,0
DA:75,0
DA:76,0
DA:77,0
DA:78,0
DA:79,0
DA:81,0
DA:85,0
DA:94,0
DA:99,0
DA:100,0
DA:101,0
DA:106,0
DA:107,0
DA:108,0
DA:109,0
DA:110,0
DA:111,0
DA:113,0
DA:114,0
DA:115,0
DA:117,0
DA:123,0
DA:127,0
DA:128,0
DA:131,0
DA:132,0
LF:55
LH:0
end_of_record
SF:lib\features\profile\presentation\widgets\profile_menu.dart
DA:5,0
DA:15,0
DA:17,0
DA:19,0
DA:20,0
DA:24,0
DA:25,0
DA:27,0
DA:28,0
DA:29,0
DA:35,0
LF:11
LH:0
end_of_record
SF:lib\core\networking\remote\dio_error_interceptor.dart
DA:4,0
DA:6,0
DA:8,0
DA:9,0
DA:10,0
DA:11,0
DA:12,0
DA:13,0
DA:16,0
DA:17,0
DA:18,0
DA:20,0
DA:25,0
DA:26,0
DA:28,0
DA:31,0
LF:16
LH:0
end_of_record
SF:lib\features\home\data\data_source\remote\product_data_source.dart
DA:16,0
DA:17,0
DA:18,0
DA:19,0
DA:20,0
DA:21,0
DA:33,0
DA:39,0
DA:42,0
DA:43,0
DA:44,0
DA:46,0
DA:50,0
DA:51,0
DA:52,0
DA:56,0
DA:57,0
DA:58,0
DA:60,0
DA:61,0
DA:62,0
DA:63,0
DA:64,0
DA:67,0
DA:70,0
DA:71,0
DA:72,0
DA:73,0
DA:77,0
DA:80,0
DA:81,0
DA:82,0
DA:83,0
DA:84,0
DA:89,0
DA:90,0
DA:92,0
DA:93,0
DA:94,0
DA:97,0
DA:98,0
DA:99,0
DA:101,0
DA:102,0
LF:44
LH:0
end_of_record
SF:lib\features\home\data\dto\pagination_dto.dart
DA:14,0
DA:20,0
DA:22,0
DA:23,0
LF:4
LH:0
end_of_record
SF:lib\features\home\data\dto\pagination_dto.g.dart
DA:9,0
DA:10,0
DA:11,0
DA:12,0
DA:13,0
DA:14,0
DA:15,0
DA:18,0
DA:19,0
DA:20,0
DA:21,0
DA:22,0
LF:12
LH:0
end_of_record
SF:lib\features\home\data\repository\product_remote_repository.dart
DA:8,0
DA:9,0
DA:10,0
DA:17,0
DA:19,0
DA:21,0
DA:24,0
DA:26,0
LF:8
LH:0
end_of_record
SF:lib\features\home\domain\repository\product_repository.dart
DA:8,0
DA:9,0
LF:2
LH:0
end_of_record
SF:lib\features\home\presentation\state\product_state.dart
DA:10,1
DA:17,1
DA:18,1
DA:19,1
DA:26,1
DA:32,1
DA:33,1
DA:34,1
DA:35,1
DA:36,0
LF:10
LH:9
end_of_record
